<?xml version="1.0" encoding="UTF-8"?>
<testng-results ignored="0" total="2" passed="1" failed="1" skipped="0">
  <reporter-output>
  </reporter-output>
  <suite started-at="2021-09-09T18:48:05 IST" name="Default suite" finished-at="2021-09-09T18:48:26 IST" duration-ms="21013">
    <groups>
    </groups>
    <test started-at="2021-09-09T18:48:05 IST" name="Default test" finished-at="2021-09-09T18:48:26 IST" duration-ms="21013">
      <class name="testcase.TC001_GET_Request">
        <test-method signature="getresponce1()[pri:0, instance:testcase.TC001_GET_Request@5e403b4a]" started-at="2021-09-09T18:48:05 IST" name="getresponce1" finished-at="2021-09-09T18:48:11 IST" duration-ms="5735" status="PASS">
          <reporter-output>
          </reporter-output>
        </test-method> <!-- getresponce1 -->
        <test-method signature="getresponse()[pri:0, instance:testcase.TC001_GET_Request@5e403b4a]" started-at="2021-09-09T18:48:11 IST" name="getresponse" finished-at="2021-09-09T18:48:26 IST" duration-ms="15050" status="FAIL">
          <exception class="org.springframework.jdbc.CannotGetJdbcConnectionException">
            <message>
              <![CDATA[Failed to obtain JDBC Connection; nested exception is com.microsoft.sqlserver.jdbc.SQLServerException: The TCP/IP connection to the host BMT-LAP-88SQLEXPRESS, port 1433 has failed. Error: "BMT-LAP-88SQLEXPRESS. Verify the connection properties. Make sure that an instance of SQL Server is running on the host and accepting TCP/IP connections at the port. Make sure that TCP connections to the port are not blocked by a firewall.".]]>
            </message>
            <full-stacktrace>
              <![CDATA[org.springframework.jdbc.CannotGetJdbcConnectionException: Failed to obtain JDBC Connection; nested exception is com.microsoft.sqlserver.jdbc.SQLServerException: The TCP/IP connection to the host BMT-LAP-88SQLEXPRESS, port 1433 has failed. Error: "BMT-LAP-88SQLEXPRESS. Verify the connection properties. Make sure that an instance of SQL Server is running on the host and accepting TCP/IP connections at the port. Make sure that TCP connections to the port are not blocked by a firewall.".
at org.springframework.jdbc.datasource.DataSourceUtils.getConnection(DataSourceUtils.java:81)
at org.springframework.jdbc.core.JdbcTemplate.execute(JdbcTemplate.java:371)
at org.springframework.jdbc.core.JdbcTemplate.query(JdbcTemplate.java:446)
at org.springframework.jdbc.core.JdbcTemplate.query(JdbcTemplate.java:456)
at com.api.util.DBUtil.performDatabaseQuery(DBUtil.java:93)
at testcase.TC001_GET_Request.getresponse(TC001_GET_Request.java:27)
at java.base/jdk.internal.reflect.NativeMethodAccessorImpl.invoke0(Native Method)
at java.base/jdk.internal.reflect.NativeMethodAccessorImpl.invoke(NativeMethodAccessorImpl.java:64)
at java.base/jdk.internal.reflect.DelegatingMethodAccessorImpl.invoke(DelegatingMethodAccessorImpl.java:43)
at java.base/java.lang.reflect.Method.invoke(Method.java:564)
at org.testng.internal.MethodInvocationHelper.invokeMethod(MethodInvocationHelper.java:133)
at org.testng.internal.TestInvoker.invokeMethod(TestInvoker.java:598)
at org.testng.internal.TestInvoker.invokeTestMethod(TestInvoker.java:173)
at org.testng.internal.MethodRunner.runInSequence(MethodRunner.java:46)
at org.testng.internal.TestInvoker$MethodInvocationAgent.invoke(TestInvoker.java:824)
at org.testng.internal.TestInvoker.invokeTestMethods(TestInvoker.java:146)
at org.testng.internal.TestMethodWorker.invokeTestMethods(TestMethodWorker.java:146)
at org.testng.internal.TestMethodWorker.run(TestMethodWorker.java:128)
at java.base/java.util.ArrayList.forEach(ArrayList.java:1511)
at org.testng.TestRunner.privateRun(TestRunner.java:794)
at org.testng.TestRunner.run(TestRunner.java:596)
at org.testng.SuiteRunner.runTest(SuiteRunner.java:377)
at org.testng.SuiteRunner.runSequentially(SuiteRunner.java:371)
at org.testng.SuiteRunner.privateRun(SuiteRunner.java:332)
at org.testng.SuiteRunner.run(SuiteRunner.java:276)
at org.testng.SuiteRunnerWorker.runSuite(SuiteRunnerWorker.java:53)
at org.testng.SuiteRunnerWorker.run(SuiteRunnerWorker.java:96)
at org.testng.TestNG.runSuitesSequentially(TestNG.java:1212)
at org.testng.TestNG.runSuitesLocally(TestNG.java:1134)
at org.testng.TestNG.runSuites(TestNG.java:1063)
at org.testng.TestNG.run(TestNG.java:1031)
at org.testng.remote.AbstractRemoteTestNG.run(AbstractRemoteTestNG.java:115)
at org.testng.remote.RemoteTestNG.initAndRun(RemoteTestNG.java:251)
at org.testng.remote.RemoteTestNG.main(RemoteTestNG.java:77)
Caused by: com.microsoft.sqlserver.jdbc.SQLServerException: The TCP/IP connection to the host BMT-LAP-88SQLEXPRESS, port 1433 has failed. Error: "BMT-LAP-88SQLEXPRESS. Verify the connection properties. Make sure that an instance of SQL Server is running on the host and accepting TCP/IP connections at the port. Make sure that TCP connections to the port are not blocked by a firewall.".
at com.microsoft.sqlserver.jdbc.SQLServerException.makeFromDriverError(SQLServerException.java:234)
at com.microsoft.sqlserver.jdbc.SQLServerException.ConvertConnectExceptionToSQLServerException(SQLServerException.java:285)
at com.microsoft.sqlserver.jdbc.SocketFinder.findSocket(IOBuffer.java:2434)
at com.microsoft.sqlserver.jdbc.TDSChannel.open(IOBuffer.java:659)
at com.microsoft.sqlserver.jdbc.SQLServerConnection.connectHelper(SQLServerConnection.java:2546)
at com.microsoft.sqlserver.jdbc.SQLServerConnection.login(SQLServerConnection.java:2216)
at com.microsoft.sqlserver.jdbc.SQLServerConnection.connectInternal(SQLServerConnection.java:2067)
at com.microsoft.sqlserver.jdbc.SQLServerConnection.connect(SQLServerConnection.java:1204)
at com.microsoft.sqlserver.jdbc.SQLServerDriver.connect(SQLServerDriver.java:825)
at java.sql/java.sql.DriverManager.getConnection(DriverManager.java:677)
at java.sql/java.sql.DriverManager.getConnection(DriverManager.java:189)
at org.springframework.jdbc.datasource.DriverManagerDataSource.getConnectionFromDriverManager(DriverManagerDataSource.java:154)
at org.springframework.jdbc.datasource.DriverManagerDataSource.getConnectionFromDriver(DriverManagerDataSource.java:145)
at org.springframework.jdbc.datasource.AbstractDriverBasedDataSource.getConnectionFromDriver(AbstractDriverBasedDataSource.java:205)
at org.springframework.jdbc.datasource.AbstractDriverBasedDataSource.getConnection(AbstractDriverBasedDataSource.java:169)
at org.springframework.jdbc.datasource.DataSourceUtils.fetchConnection(DataSourceUtils.java:151)
at org.springframework.jdbc.datasource.DataSourceUtils.doGetConnection(DataSourceUtils.java:115)
at org.springframework.jdbc.datasource.DataSourceUtils.getConnection(DataSourceUtils.java:78)
... 33 more
]]>
            </full-stacktrace>
          </exception> <!-- org.springframework.jdbc.CannotGetJdbcConnectionException -->
          <reporter-output>
          </reporter-output>
        </test-method> <!-- getresponse -->
      </class> <!-- testcase.TC001_GET_Request -->
    </test> <!-- Default test -->
  </suite> <!-- Default suite -->
</testng-results>
